0 info it worked if it ends with ok
1 verbose cli [ '/usr/bin/nodejs', '/usr/bin/npm', 'start', 'run' ]
2 info using npm@3.5.2
3 info using node@v4.2.6
4 verbose run-script [ 'prestart', 'start', 'poststart' ]
5 info lifecycle backend@1.0.0~prestart: backend@1.0.0
6 silly lifecycle backend@1.0.0~prestart: no script for prestart, continuing
7 info lifecycle backend@1.0.0~start: backend@1.0.0
8 verbose lifecycle backend@1.0.0~start: unsafe-perm in lifecycle true
9 verbose lifecycle backend@1.0.0~start: PATH: /usr/share/npm/bin/node-gyp-bin:/home/inesmb/hci/react-sockets/chat-app/backend/node_modules/.bin:/home/inesmb/bin:/home/inesmb/.local/bin:/usr/local/sbin:/usr/local/bin:/usr/sbin:/usr/bin:/sbin:/bin:/usr/games:/usr/local/games:/mnt/c/Program Files/WindowsApps/CanonicalGroupLimited.UbuntuonWindows_2004.2020.812.0_x64__79rhkp1fndgsc:/mnt/c/Program Files (x86)/Intel/Intel(R) Management Engine Components/iCLS/:/mnt/c/Program Files/Intel/Intel(R) Management Engine Components/iCLS/:/mnt/c/ProgramData/Oracle/Java/javapath:/mnt/c/WINDOWS/system32:/mnt/c/WINDOWS:/mnt/c/WINDOWS/System32/Wbem:/mnt/c/WINDOWS/System32/WindowsPowerShell/v1.0/:/mnt/c/Program Files/MATLAB/R2017a/runtime/win64:/mnt/c/Program Files/MATLAB/R2017a/bin:/mnt/c/Program Files/PuTTY/:/mnt/c/Program Files (x86)/Intel/Intel(R) Management Engine Components/DAL:/mnt/c/Program Files/Intel/Intel(R) Management Engine Components/DAL:/mnt/c/Program Files (x86)/Intel/Intel(R) Management Engine Components/IPT:/mnt/c/Program Files/Intel/Intel(R) Management Engine Components/IPT:/mnt/c/Program Files (x86)/Windows Live/Shared:/mnt/c/WINDOWS/System32/OpenSSH/:/mnt/c/Program Files/Intel/WiFi/bin/:/mnt/c/Program Files/Common Files/Intel/WirelessCommon/:/mnt/c/Program Files/GTK3-Runtime Win64/bin:/mnt/c/Users/inesi/Anaconda3:/mnt/c/Users/inesi/Anaconda3/Library/mingw-w64/bin:/mnt/c/Users/inesi/Anaconda3/Library/usr/bin:/mnt/c/Users/inesi/Anaconda3/Library/bin:/mnt/c/Users/inesi/Anaconda3/Scripts:/mnt/c/Users/inesi/AppData/Local/Microsoft/WindowsApps:/mnt/c/Users/inesi/AppData/Local/GitHubDesktop/bin:/mnt/c/Users/inesi/AppData/Local/Microsoft/WindowsApps:/mnt/c/Users/inesi/AppData/Local/Programs/MiKTeX 2.9/miktex/bin/x64/:/mnt/c/Users/inesi/AppData/Local/Keybase/:/snap/bin
10 verbose lifecycle backend@1.0.0~start: CWD: /home/inesmb/hci/react-sockets/chat-app/backend
11 silly lifecycle backend@1.0.0~start: Args: [ '-c', 'node build/index.js "run"' ]
12 info lifecycle backend@1.0.0~start: Failed to exec start script
13 verbose stack Error: backend@1.0.0 start: `node build/index.js "run"`
13 verbose stack spawn ENOENT
13 verbose stack     at ChildProcess.<anonymous> (/usr/share/npm/lib/utils/spawn.js:17:16)
13 verbose stack     at emitTwo (events.js:87:13)
13 verbose stack     at ChildProcess.emit (events.js:172:7)
13 verbose stack     at maybeClose (internal/child_process.js:821:16)
13 verbose stack     at Process.ChildProcess._handle.onexit (internal/child_process.js:211:5)
14 verbose pkgid backend@1.0.0
15 verbose cwd /home/inesmb/hci/react-sockets/chat-app/backend
16 error Linux 4.4.0-18362-Microsoft
17 error argv "/usr/bin/nodejs" "/usr/bin/npm" "start" "run"
18 error node v4.2.6
19 error npm  v3.5.2
20 error file sh
21 error code ELIFECYCLE
22 error errno ENOENT
23 error syscall spawn
24 error backend@1.0.0 start: `node build/index.js "run"`
24 error spawn ENOENT
25 error Failed at the backend@1.0.0 start script 'node build/index.js "run"'.
25 error Make sure you have the latest version of node.js and npm installed.
25 error If you do, this is most likely a problem with the backend package,
25 error not with npm itself.
25 error Tell the author that this fails on your system:
25 error     node build/index.js "run"
25 error You can get information on how to open an issue for this project with:
25 error     npm bugs backend
25 error Or if that isn't available, you can get their info via:
25 error     npm owner ls backend
25 error There is likely additional logging output above.
26 verbose exit [ 1, true ]
